<?xml version="1.0" encoding="UTF-8"?>
<!-- Generated by org.testng.reporters.JUnitReportReporter -->
<testsuite hostname="BISWAJIT2000" failures="0" tests="1" name="com.practice.ExtentReportGenerate" time="436.177" errors="0" timestamp="2023-03-25T11:47:06 IST" skipped="0">
  <testcase classname="com.practice.ExtentReportGenerate" name="Testcase1" time="436.177"/>
  <system-out/>
</testsuite> <!-- com.practice.ExtentReportGenerate -->
