<?xml version="1.0" encoding="UTF-8"?>
<!-- Generated by org.testng.reporters.JUnitReportReporter -->
<testsuite hostname="BISWAJIT2000" failures="0" tests="1" name="com.practice.extentReporttest" time="20.807" errors="0" timestamp="2023-03-27T16:21:00 IST" skipped="0">
  <testcase classname="com.practice.extentReporttest" name="test1" time="20.807"/>
  <system-out/>
</testsuite> <!-- com.practice.extentReporttest -->
